<?xml version="1.0" encoding="UTF-8"?>
<!-- Generated by org.testng.reporters.JUnitReportReporter -->
<testsuite skipped="0" hostname="ip-192-168-6-60.ap-southeast-1.compute.internal" name="org.traveloka.experience.test.api.DistanceCalculationTest" tests="6" failures="0" timestamp="16 May 2019 03:28:22 GMT" time="8.659" errors="0">
  <testcase name="testDistanceSort" time="1.250" classname="org.traveloka.experience.test.api.DistanceCalculationTest"/>
  <testcase name="testDistanceSort" time="1.520" classname="org.traveloka.experience.test.api.DistanceCalculationTest"/>
  <testcase name="testDistanceSort" time="1.429" classname="org.traveloka.experience.test.api.DistanceCalculationTest"/>
  <testcase name="testDistanceSort" time="1.452" classname="org.traveloka.experience.test.api.DistanceCalculationTest"/>
  <testcase name="testDistanceSort" time="1.294" classname="org.traveloka.experience.test.api.DistanceCalculationTest"/>
  <testcase name="testDistanceSort" time="1.714" classname="org.traveloka.experience.test.api.DistanceCalculationTest"/>
</testsuite> <!-- org.traveloka.experience.test.api.DistanceCalculationTest -->
