<?xml version="1.0" encoding="UTF-8"?>
<!-- Generated by org.testng.reporters.JUnitReportReporter -->
<testsuite skipped="0" hostname="ip-192-168-6-60.ap-southeast-1.compute.internal" name="org.traveloka.experience.test.api.ProductSearchLandingPageApiTest" tests="38" failures="0" timestamp="16 May 2019 03:28:22 GMT" time="404.503" errors="0">
  <testcase name="testProductSearchLanding" time="9.701" classname="org.traveloka.experience.test.api.ProductSearchLandingPageApiTest"/>
  <testcase name="testProductSearchLanding" time="9.800" classname="org.traveloka.experience.test.api.ProductSearchLandingPageApiTest"/>
  <testcase name="testProductSearchLanding" time="27.499" classname="org.traveloka.experience.test.api.ProductSearchLandingPageApiTest"/>
  <testcase name="testProductSearchLanding" time="9.502" classname="org.traveloka.experience.test.api.ProductSearchLandingPageApiTest"/>
  <testcase name="testProductSearchLanding" time="9.051" classname="org.traveloka.experience.test.api.ProductSearchLandingPageApiTest"/>
  <testcase name="testProductSearchLanding" time="9.469" classname="org.traveloka.experience.test.api.ProductSearchLandingPageApiTest"/>
  <testcase name="testProductSearchLanding" time="9.562" classname="org.traveloka.experience.test.api.ProductSearchLandingPageApiTest"/>
  <testcase name="testProductSearchLanding" time="9.465" classname="org.traveloka.experience.test.api.ProductSearchLandingPageApiTest"/>
  <testcase name="testProductSearchLanding" time="9.439" classname="org.traveloka.experience.test.api.ProductSearchLandingPageApiTest"/>
  <testcase name="testProductSearchLanding" time="9.727" classname="org.traveloka.experience.test.api.ProductSearchLandingPageApiTest"/>
  <testcase name="testProductSearchLanding" time="8.926" classname="org.traveloka.experience.test.api.ProductSearchLandingPageApiTest"/>
  <testcase name="testProductSearchLanding" time="10.544" classname="org.traveloka.experience.test.api.ProductSearchLandingPageApiTest"/>
  <testcase name="testProductSearchLanding" time="9.581" classname="org.traveloka.experience.test.api.ProductSearchLandingPageApiTest"/>
  <testcase name="testProductSearchLanding" time="10.590" classname="org.traveloka.experience.test.api.ProductSearchLandingPageApiTest"/>
  <testcase name="testProductSearchLanding" time="12.232" classname="org.traveloka.experience.test.api.ProductSearchLandingPageApiTest"/>
  <testcase name="testProductSearchLanding" time="10.008" classname="org.traveloka.experience.test.api.ProductSearchLandingPageApiTest"/>
  <testcase name="testProductSearchLanding" time="9.406" classname="org.traveloka.experience.test.api.ProductSearchLandingPageApiTest"/>
  <testcase name="testProductSearchLanding" time="8.693" classname="org.traveloka.experience.test.api.ProductSearchLandingPageApiTest"/>
  <testcase name="testProductSearchLanding" time="9.803" classname="org.traveloka.experience.test.api.ProductSearchLandingPageApiTest"/>
  <testcase name="testProductSearchLanding" time="11.930" classname="org.traveloka.experience.test.api.ProductSearchLandingPageApiTest"/>
  <testcase name="testProductSearchLanding" time="10.630" classname="org.traveloka.experience.test.api.ProductSearchLandingPageApiTest"/>
  <testcase name="testProductSearchLanding" time="9.156" classname="org.traveloka.experience.test.api.ProductSearchLandingPageApiTest"/>
  <testcase name="testProductSearchLanding" time="10.856" classname="org.traveloka.experience.test.api.ProductSearchLandingPageApiTest"/>
  <testcase name="testProductSearchLanding" time="15.758" classname="org.traveloka.experience.test.api.ProductSearchLandingPageApiTest"/>
  <testcase name="testProductSearchLanding" time="8.721" classname="org.traveloka.experience.test.api.ProductSearchLandingPageApiTest"/>
  <testcase name="testProductSearchLanding" time="9.337" classname="org.traveloka.experience.test.api.ProductSearchLandingPageApiTest"/>
  <testcase name="testProductSearchLanding" time="9.347" classname="org.traveloka.experience.test.api.ProductSearchLandingPageApiTest"/>
  <testcase name="testProductSearchLanding" time="9.205" classname="org.traveloka.experience.test.api.ProductSearchLandingPageApiTest"/>
  <testcase name="testProductSearchLanding" time="9.570" classname="org.traveloka.experience.test.api.ProductSearchLandingPageApiTest"/>
  <testcase name="testProductSearchLanding" time="10.175" classname="org.traveloka.experience.test.api.ProductSearchLandingPageApiTest"/>
  <testcase name="testProductSearchLanding" time="9.746" classname="org.traveloka.experience.test.api.ProductSearchLandingPageApiTest"/>
  <testcase name="testProductSearchLanding" time="16.668" classname="org.traveloka.experience.test.api.ProductSearchLandingPageApiTest"/>
  <testcase name="testProductSearchLanding" time="9.607" classname="org.traveloka.experience.test.api.ProductSearchLandingPageApiTest"/>
  <testcase name="testProductSearchLanding" time="10.580" classname="org.traveloka.experience.test.api.ProductSearchLandingPageApiTest"/>
  <testcase name="testProductSearchLanding" time="11.235" classname="org.traveloka.experience.test.api.ProductSearchLandingPageApiTest"/>
  <testcase name="testProductSearchLanding" time="9.634" classname="org.traveloka.experience.test.api.ProductSearchLandingPageApiTest"/>
  <testcase name="testProductSearchLanding" time="8.870" classname="org.traveloka.experience.test.api.ProductSearchLandingPageApiTest"/>
  <testcase name="testProductSearchLanding" time="10.480" classname="org.traveloka.experience.test.api.ProductSearchLandingPageApiTest"/>
</testsuite> <!-- org.traveloka.experience.test.api.ProductSearchLandingPageApiTest -->
