<?xml version="1.0" encoding="UTF-8"?>
<!-- Generated by org.testng.reporters.JUnitReportReporter -->
<testsuite skipped="0" hostname="ip-192-168-6-60.ap-southeast-1.compute.internal" name="org.traveloka.experience.test.api.TicketListApiTest" tests="104" failures="1" timestamp="16 May 2019 03:28:22 GMT" time="69.801" errors="0">
  <testcase name="testTickteListWithoutReturnType" time="0.473" classname="org.traveloka.experience.test.api.TicketListApiTest"/>
  <testcase name="testTickteListWithoutReturnType" time="0.507" classname="org.traveloka.experience.test.api.TicketListApiTest"/>
  <testcase name="testTickteListWithoutReturnType" time="1.045" classname="org.traveloka.experience.test.api.TicketListApiTest"/>
  <testcase name="testTickteListWithoutReturnType" time="0.472" classname="org.traveloka.experience.test.api.TicketListApiTest"/>
  <testcase name="testTickteListWithoutReturnType" time="0.457" classname="org.traveloka.experience.test.api.TicketListApiTest"/>
  <testcase name="testTickteListWithoutReturnType" time="0.469" classname="org.traveloka.experience.test.api.TicketListApiTest"/>
  <testcase name="testTickteListWithoutReturnType" time="0.656" classname="org.traveloka.experience.test.api.TicketListApiTest"/>
  <testcase name="testTickteListWithoutReturnType" time="0.463" classname="org.traveloka.experience.test.api.TicketListApiTest"/>
  <testcase name="testTickteListWithoutReturnType" time="2.482" classname="org.traveloka.experience.test.api.TicketListApiTest"/>
  <testcase name="testTickteListWithoutReturnType" time="0.474" classname="org.traveloka.experience.test.api.TicketListApiTest"/>
  <testcase name="testTickteListWithoutReturnType" time="0.604" classname="org.traveloka.experience.test.api.TicketListApiTest"/>
  <testcase name="testTickteListWithoutReturnType" time="0.501" classname="org.traveloka.experience.test.api.TicketListApiTest"/>
  <testcase name="testTickteListWithoutReturnType" time="0.528" classname="org.traveloka.experience.test.api.TicketListApiTest"/>
  <testcase name="testTickteListWithoutReturnType" time="0.462" classname="org.traveloka.experience.test.api.TicketListApiTest"/>
  <testcase name="testTickteListWithoutReturnType" time="0.511" classname="org.traveloka.experience.test.api.TicketListApiTest"/>
  <testcase name="testTickteListWithoutReturnType" time="0.469" classname="org.traveloka.experience.test.api.TicketListApiTest"/>
  <testcase name="testTickteListWithoutReturnType" time="0.501" classname="org.traveloka.experience.test.api.TicketListApiTest"/>
  <testcase name="testTickteListWithoutReturnType" time="0.499" classname="org.traveloka.experience.test.api.TicketListApiTest"/>
  <testcase name="testTickteListWithoutReturnType" time="0.481" classname="org.traveloka.experience.test.api.TicketListApiTest"/>
  <testcase name="testTickteListWithoutReturnType" time="0.485" classname="org.traveloka.experience.test.api.TicketListApiTest"/>
  <testcase name="testTickteListWithoutReturnType" time="0.560" classname="org.traveloka.experience.test.api.TicketListApiTest"/>
  <testcase name="testTickteListWithoutReturnType" time="0.501" classname="org.traveloka.experience.test.api.TicketListApiTest"/>
  <testcase name="testTickteListWithoutReturnType" time="0.616" classname="org.traveloka.experience.test.api.TicketListApiTest"/>
  <testcase name="testTickteListWithoutReturnType" time="0.505" classname="org.traveloka.experience.test.api.TicketListApiTest"/>
  <testcase name="testTickteListWithoutReturnType" time="0.477" classname="org.traveloka.experience.test.api.TicketListApiTest"/>
  <testcase name="testTickteListWithoutReturnType" time="0.477" classname="org.traveloka.experience.test.api.TicketListApiTest"/>
  <testcase name="testTickteListWithoutReturnType" time="0.530" classname="org.traveloka.experience.test.api.TicketListApiTest"/>
  <testcase name="testTickteListWithoutReturnType" time="0.757" classname="org.traveloka.experience.test.api.TicketListApiTest"/>
  <testcase name="testTickteListWithoutReturnType" time="0.539" classname="org.traveloka.experience.test.api.TicketListApiTest"/>
  <testcase name="testTickteListWithoutReturnType" time="0.767" classname="org.traveloka.experience.test.api.TicketListApiTest"/>
  <testcase name="testTickteListWithoutReturnType" time="0.509" classname="org.traveloka.experience.test.api.TicketListApiTest"/>
  <testcase name="testTickteListWithoutReturnType" time="0.545" classname="org.traveloka.experience.test.api.TicketListApiTest"/>
  <testcase name="testTickteListWithoutReturnType" time="0.875" classname="org.traveloka.experience.test.api.TicketListApiTest"/>
  <testcase name="testTickteListWithoutReturnType" time="0.554" classname="org.traveloka.experience.test.api.TicketListApiTest"/>
  <testcase name="testTickteListWithoutReturnType" time="1.081" classname="org.traveloka.experience.test.api.TicketListApiTest"/>
  <testcase name="testTickteListWithoutReturnType" time="0.545" classname="org.traveloka.experience.test.api.TicketListApiTest"/>
  <testcase name="testTickteListWithoutReturnType" time="0.459" classname="org.traveloka.experience.test.api.TicketListApiTest"/>
  <testcase name="testTickteListWithoutReturnType" time="0.465" classname="org.traveloka.experience.test.api.TicketListApiTest"/>
  <testcase name="testTickteListWithoutReturnType" time="0.465" classname="org.traveloka.experience.test.api.TicketListApiTest"/>
  <testcase name="testTickteListWithoutReturnType" time="0.491" classname="org.traveloka.experience.test.api.TicketListApiTest"/>
  <testcase name="testTickteListWithoutReturnType" time="0.468" classname="org.traveloka.experience.test.api.TicketListApiTest"/>
  <testcase name="testTickteListWithoutReturnType" time="0.468" classname="org.traveloka.experience.test.api.TicketListApiTest"/>
  <testcase name="testTickteListWithoutReturnType" time="0.512" classname="org.traveloka.experience.test.api.TicketListApiTest"/>
  <testcase name="testTickteListWithoutReturnType" time="0.540" classname="org.traveloka.experience.test.api.TicketListApiTest"/>
  <testcase name="testTickteListWithoutReturnType" time="0.538" classname="org.traveloka.experience.test.api.TicketListApiTest"/>
  <testcase name="testTickteListWithoutReturnType" time="0.471" classname="org.traveloka.experience.test.api.TicketListApiTest"/>
  <testcase name="testTickteListWithoutReturnType" time="0.469" classname="org.traveloka.experience.test.api.TicketListApiTest"/>
  <testcase name="testTickteListWithoutReturnType" time="0.495" classname="org.traveloka.experience.test.api.TicketListApiTest"/>
  <testcase name="testTickteListWithoutReturnType" time="0.479" classname="org.traveloka.experience.test.api.TicketListApiTest"/>
  <testcase name="testTickteListWithoutReturnType" time="0.494" classname="org.traveloka.experience.test.api.TicketListApiTest"/>
  <testcase name="testTickteListWithoutReturnType" time="0.461" classname="org.traveloka.experience.test.api.TicketListApiTest"/>
  <testcase name="testTickteListWithoutReturnType" time="0.471" classname="org.traveloka.experience.test.api.TicketListApiTest"/>
  <testcase name="testTickteListWithoutReturnType" time="0.759" classname="org.traveloka.experience.test.api.TicketListApiTest"/>
  <testcase name="testTickteListWithoutReturnType" time="2.645" classname="org.traveloka.experience.test.api.TicketListApiTest"/>
  <testcase name="testTickteListWithoutReturnType" time="0.490" classname="org.traveloka.experience.test.api.TicketListApiTest"/>
  <testcase name="testTickteListWithoutReturnType" time="0.470" classname="org.traveloka.experience.test.api.TicketListApiTest"/>
  <testcase name="testTickteListWithoutReturnType" time="0.973" classname="org.traveloka.experience.test.api.TicketListApiTest"/>
  <testcase name="testTickteListWithoutReturnType" time="0.470" classname="org.traveloka.experience.test.api.TicketListApiTest"/>
  <testcase name="testTickteListWithoutReturnType" time="0.482" classname="org.traveloka.experience.test.api.TicketListApiTest"/>
  <testcase name="testTickteListWithoutReturnType" time="0.463" classname="org.traveloka.experience.test.api.TicketListApiTest"/>
  <testcase name="testTickteListWithoutReturnType" time="0.460" classname="org.traveloka.experience.test.api.TicketListApiTest"/>
  <testcase name="testTickteListWithoutReturnType" time="0.487" classname="org.traveloka.experience.test.api.TicketListApiTest"/>
  <testcase name="testTickteListWithoutReturnType" time="0.507" classname="org.traveloka.experience.test.api.TicketListApiTest"/>
  <testcase name="testTickteListWithoutReturnType" time="1.024" classname="org.traveloka.experience.test.api.TicketListApiTest"/>
  <testcase name="testTickteListWithoutReturnType" time="0.479" classname="org.traveloka.experience.test.api.TicketListApiTest"/>
  <testcase name="testTickteListWithoutReturnType" time="0.480" classname="org.traveloka.experience.test.api.TicketListApiTest">
    <failure type="java.lang.AssertionError" message="
Expecting:
 &lt;&quot;[http://s3-ap-southeast-1.amazonaws.com/tvlk-prod-xxt-assets/xxt/asset/1578599194333041524.EXP.10800-1089x720-FIT-653f1bf2c0879f0154444a9766b53ab6.png]&quot;&gt;
to contain:
 &lt;&quot;https&quot;&gt;
 (ignoring case)">
      <![CDATA[java.lang.AssertionError: 
Expecting:
 <"[http://s3-ap-southeast-1.amazonaws.com/tvlk-prod-xxt-assets/xxt/asset/1578599194333041524.EXP.10800-1089x720-FIT-653f1bf2c0879f0154444a9766b53ab6.png]">
to contain:
 <"https">
 (ignoring case)
at org.traveloka.commonUtils.Utils.verifyAssertwithNotNullTrue(Utils.java:423)
at org.traveloka.experience.test.api.TicketListApiTest.testTickteListWithoutReturnType(TicketListApiTest.java:60)
at sun.reflect.GeneratedMethodAccessor169.invoke(Unknown Source)
at sun.reflect.DelegatingMethodAccessorImpl.invoke(DelegatingMethodAccessorImpl.java:43)
at java.lang.reflect.Method.invoke(Method.java:498)
at org.testng.internal.MethodInvocationHelper.invokeMethod(MethodInvocationHelper.java:124)
at org.testng.internal.Invoker.invokeMethod(Invoker.java:583)
at org.testng.internal.Invoker.invokeTestMethod(Invoker.java:719)
at org.testng.internal.Invoker.invokeTestMethods(Invoker.java:989)
at org.testng.internal.TestMethodWorker.invokeTestMethods(TestMethodWorker.java:125)
at org.testng.internal.TestMethodWorker.run(TestMethodWorker.java:109)
at java.util.concurrent.ThreadPoolExecutor.runWorker(ThreadPoolExecutor.java:1149)
at java.util.concurrent.ThreadPoolExecutor$Worker.run(ThreadPoolExecutor.java:624)
at java.lang.Thread.run(Thread.java:748)
]]>
    </failure>
  </testcase> <!-- testTickteListWithoutReturnType -->
  <testcase name="testTickteListWithoutReturnType" time="0.469" classname="org.traveloka.experience.test.api.TicketListApiTest"/>
  <testcase name="testTickteListWithoutReturnType" time="1.818" classname="org.traveloka.experience.test.api.TicketListApiTest"/>
  <testcase name="testTickteListWithoutReturnType" time="0.510" classname="org.traveloka.experience.test.api.TicketListApiTest"/>
  <testcase name="testTickteListWithoutReturnType" time="0.464" classname="org.traveloka.experience.test.api.TicketListApiTest"/>
  <testcase name="testTickteListWithoutReturnType" time="0.465" classname="org.traveloka.experience.test.api.TicketListApiTest"/>
  <testcase name="testTickteListWithoutReturnType" time="0.591" classname="org.traveloka.experience.test.api.TicketListApiTest"/>
  <testcase name="testTickteListWithoutReturnType" time="1.010" classname="org.traveloka.experience.test.api.TicketListApiTest"/>
  <testcase name="testTickteListWithoutReturnType" time="5.217" classname="org.traveloka.experience.test.api.TicketListApiTest"/>
  <testcase name="testTickteListWithoutReturnType" time="0.513" classname="org.traveloka.experience.test.api.TicketListApiTest"/>
  <testcase name="testTickteListWithoutReturnType" time="0.496" classname="org.traveloka.experience.test.api.TicketListApiTest"/>
  <testcase name="testTickteListWithoutReturnType" time="0.467" classname="org.traveloka.experience.test.api.TicketListApiTest"/>
  <testcase name="testTickteListWithoutReturnType" time="0.470" classname="org.traveloka.experience.test.api.TicketListApiTest"/>
  <testcase name="testTickteListWithoutReturnType" time="1.027" classname="org.traveloka.experience.test.api.TicketListApiTest"/>
  <testcase name="testTickteListWithoutReturnType" time="1.480" classname="org.traveloka.experience.test.api.TicketListApiTest"/>
  <testcase name="testTickteListWithoutReturnType" time="0.638" classname="org.traveloka.experience.test.api.TicketListApiTest"/>
  <testcase name="testTickteListWithoutReturnType" time="1.118" classname="org.traveloka.experience.test.api.TicketListApiTest"/>
  <testcase name="testTickteListWithoutReturnType" time="0.533" classname="org.traveloka.experience.test.api.TicketListApiTest"/>
  <testcase name="testTickteListWithoutReturnType" time="0.541" classname="org.traveloka.experience.test.api.TicketListApiTest"/>
  <testcase name="testTickteListWithoutReturnType" time="0.457" classname="org.traveloka.experience.test.api.TicketListApiTest"/>
  <testcase name="testTickteListWithoutReturnType" time="0.478" classname="org.traveloka.experience.test.api.TicketListApiTest"/>
  <testcase name="testTickteListWithoutReturnType" time="0.505" classname="org.traveloka.experience.test.api.TicketListApiTest"/>
  <testcase name="testTickteListWithoutReturnType" time="0.613" classname="org.traveloka.experience.test.api.TicketListApiTest"/>
  <testcase name="testTickteListWithoutReturnType" time="1.085" classname="org.traveloka.experience.test.api.TicketListApiTest"/>
  <testcase name="testTickteListWithoutReturnType" time="0.462" classname="org.traveloka.experience.test.api.TicketListApiTest"/>
  <testcase name="testTickteListWithoutReturnType" time="0.461" classname="org.traveloka.experience.test.api.TicketListApiTest"/>
  <testcase name="testTickteListWithoutReturnType" time="0.480" classname="org.traveloka.experience.test.api.TicketListApiTest"/>
  <testcase name="testTickteListWithoutReturnType" time="0.599" classname="org.traveloka.experience.test.api.TicketListApiTest"/>
  <testcase name="testTickteListWithoutReturnType" time="0.474" classname="org.traveloka.experience.test.api.TicketListApiTest"/>
  <testcase name="testTickteListWithoutReturnType" time="0.472" classname="org.traveloka.experience.test.api.TicketListApiTest"/>
  <testcase name="testTickteListWithoutReturnType" time="0.514" classname="org.traveloka.experience.test.api.TicketListApiTest"/>
  <testcase name="testTickteListWithoutReturnType" time="0.462" classname="org.traveloka.experience.test.api.TicketListApiTest"/>
  <testcase name="testTickteListWithoutReturnType" time="0.526" classname="org.traveloka.experience.test.api.TicketListApiTest"/>
  <testcase name="testTickteListWithoutReturnType" time="0.511" classname="org.traveloka.experience.test.api.TicketListApiTest"/>
  <testcase name="testTickteListWithoutReturnType" time="0.464" classname="org.traveloka.experience.test.api.TicketListApiTest"/>
  <testcase name="testTickteListWithoutReturnType" time="1.590" classname="org.traveloka.experience.test.api.TicketListApiTest"/>
  <testcase name="testTickteListWithoutReturnType" time="0.524" classname="org.traveloka.experience.test.api.TicketListApiTest"/>
  <testcase name="testTickteListWithoutReturnType" time="0.493" classname="org.traveloka.experience.test.api.TicketListApiTest"/>
  <testcase name="testTickteListWithoutReturnType" time="0.492" classname="org.traveloka.experience.test.api.TicketListApiTest"/>
</testsuite> <!-- org.traveloka.experience.test.api.TicketListApiTest -->
