<?xml version="1.0" encoding="UTF-8"?>
<!-- Generated by org.testng.reporters.JUnitReportReporter -->
<testsuite skipped="0" hostname="ip-192-168-6-60.ap-southeast-1.compute.internal" name="org.traveloka.experience.test.api.NewProductApiTest" tests="11" failures="0" timestamp="16 May 2019 03:28:22 GMT" time="6.243" errors="0">
  <testcase name="testNewDeal" time="0.715" classname="org.traveloka.experience.test.api.NewProductApiTest"/>
  <testcase name="testNewDeal" time="0.487" classname="org.traveloka.experience.test.api.NewProductApiTest"/>
  <testcase name="testNewDeal" time="0.475" classname="org.traveloka.experience.test.api.NewProductApiTest"/>
  <testcase name="testNewDeal" time="0.463" classname="org.traveloka.experience.test.api.NewProductApiTest"/>
  <testcase name="testNewDeal" time="0.478" classname="org.traveloka.experience.test.api.NewProductApiTest"/>
  <testcase name="testNewDeal" time="0.457" classname="org.traveloka.experience.test.api.NewProductApiTest"/>
  <testcase name="testNewDeal" time="0.977" classname="org.traveloka.experience.test.api.NewProductApiTest"/>
  <testcase name="testNewDeal" time="0.462" classname="org.traveloka.experience.test.api.NewProductApiTest"/>
  <testcase name="testNewDeal" time="0.456" classname="org.traveloka.experience.test.api.NewProductApiTest"/>
  <testcase name="testNewDeal" time="0.819" classname="org.traveloka.experience.test.api.NewProductApiTest"/>
  <testcase name="testNewDeal" time="0.454" classname="org.traveloka.experience.test.api.NewProductApiTest"/>
</testsuite> <!-- org.traveloka.experience.test.api.NewProductApiTest -->
